Shell debugging temporarily silenced: export LMOD_SH_DBG_ON=1 for this output (/gpfs/software/juwels/lmod/7.7.38/init/bash)
Shell debugging restarted
Resnet18-CIFAR10-Adam-WDecay
Files already downloaded and verified
Files already downloaded and verified
Size of image
torch.Size([3, 32, 32])
1
Epoch: 0
[TRAIN] Acc: 17.600
[TEST] Acc: 20.400
Epoch: 1
[TRAIN] Acc: 31.795
[TEST] Acc: 30.440
Epoch: 2
[TRAIN] Acc: 40.665
[TEST] Acc: 20.980
Epoch: 3
[TRAIN] Acc: 44.892
[TEST] Acc: 35.770
Epoch: 4
[TRAIN] Acc: 48.475
[TEST] Acc: 36.590
Epoch: 5
[TRAIN] Acc: 51.612
[TEST] Acc: 40.430
Epoch: 6
[TRAIN] Acc: 53.570
[TEST] Acc: 37.210
Epoch: 7
[TRAIN] Acc: 55.682
[TEST] Acc: 38.850
Epoch: 8
[TRAIN] Acc: 57.112
[TEST] Acc: 41.920
Epoch: 9
[TRAIN] Acc: 58.352
[TEST] Acc: 31.440
Epoch: 10
[TRAIN] Acc: 59.852
[TEST] Acc: 40.260
Epoch: 11
[TRAIN] Acc: 61.233
[TEST] Acc: 46.560
Epoch: 12
[TRAIN] Acc: 61.790
[TEST] Acc: 44.200
Epoch: 13
[TRAIN] Acc: 62.593
[TEST] Acc: 46.510
Epoch: 14
[TRAIN] Acc: 63.610
[TEST] Acc: 44.220
Epoch: 15
[TRAIN] Acc: 64.043
[TEST] Acc: 44.890
Epoch: 16
[TRAIN] Acc: 64.172
[TEST] Acc: 48.290
Epoch: 17
[TRAIN] Acc: 65.278
[TEST] Acc: 50.290
Epoch: 18
[TRAIN] Acc: 65.448
[TEST] Acc: 50.530
Epoch: 19
[TRAIN] Acc: 66.070
[TEST] Acc: 53.730
Epoch: 20
[TRAIN] Acc: 66.612
[TEST] Acc: 43.310
Epoch: 21
[TRAIN] Acc: 66.793
[TEST] Acc: 48.930
Epoch: 22
[TRAIN] Acc: 67.605
[TEST] Acc: 52.060
Epoch: 23
[TRAIN] Acc: 68.160
[TEST] Acc: 54.120
Epoch: 24
[TRAIN] Acc: 68.127
[TEST] Acc: 49.290
Epoch: 25
[TRAIN] Acc: 68.118
[TEST] Acc: 54.100
Epoch: 26
[TRAIN] Acc: 68.525
[TEST] Acc: 45.110
Epoch: 27
[TRAIN] Acc: 68.892
[TEST] Acc: 54.710
Epoch: 28
[TRAIN] Acc: 69.340
[TEST] Acc: 55.180
Epoch: 29
[TRAIN] Acc: 69.730
[TEST] Acc: 55.630
Epoch: 30
[TRAIN] Acc: 69.972
[TEST] Acc: 57.470
Epoch: 31
[TRAIN] Acc: 70.245
[TEST] Acc: 57.030
Epoch: 32
[TRAIN] Acc: 70.715
[TEST] Acc: 51.060
Epoch: 33
[TRAIN] Acc: 70.603
[TEST] Acc: 58.270
Epoch: 34
[TRAIN] Acc: 70.885
[TEST] Acc: 53.470
Epoch: 35
[TRAIN] Acc: 71.290
[TEST] Acc: 55.700
Epoch: 36
[TRAIN] Acc: 71.180
[TEST] Acc: 56.410
Epoch: 37
[TRAIN] Acc: 71.632
[TEST] Acc: 58.880
Epoch: 38
[TRAIN] Acc: 72.123
[TEST] Acc: 56.910
Epoch: 39
[TRAIN] Acc: 72.552
[TEST] Acc: 58.510
Epoch: 40
[TRAIN] Acc: 72.302
[TEST] Acc: 56.150
Epoch: 41
[TRAIN] Acc: 72.280
[TEST] Acc: 55.980
Epoch: 42
[TRAIN] Acc: 72.950
[TEST] Acc: 59.070
Epoch: 43
[TRAIN] Acc: 72.895
[TEST] Acc: 59.280
Epoch: 44
[TRAIN] Acc: 73.040
[TEST] Acc: 58.820
Epoch: 45
[TRAIN] Acc: 73.135
[TEST] Acc: 58.060
Epoch: 46
[TRAIN] Acc: 73.695
[TEST] Acc: 59.090
Epoch: 47
[TRAIN] Acc: 73.722
[TEST] Acc: 62.120
Epoch: 48
[TRAIN] Acc: 73.608
[TEST] Acc: 58.320
Epoch: 49
[TRAIN] Acc: 73.665
[TEST] Acc: 58.770
Epoch: 50
[TRAIN] Acc: 74.308
[TEST] Acc: 57.900
Epoch: 51
[TRAIN] Acc: 74.360
[TEST] Acc: 61.120
Epoch: 52
[TRAIN] Acc: 74.390
[TEST] Acc: 62.840
Epoch: 53
[TRAIN] Acc: 74.345
[TEST] Acc: 59.970
Epoch: 54
[TRAIN] Acc: 74.835
[TEST] Acc: 62.540
Epoch: 55
[TRAIN] Acc: 74.795
[TEST] Acc: 61.860
Epoch: 56
[TRAIN] Acc: 75.118
[TEST] Acc: 60.830
Epoch: 57
[TRAIN] Acc: 75.000
[TEST] Acc: 62.930
Epoch: 58
[TRAIN] Acc: 75.215
[TEST] Acc: 62.920
Epoch: 59
[TRAIN] Acc: 75.183
[TEST] Acc: 58.040
Epoch: 60
[TRAIN] Acc: 75.445
[TEST] Acc: 60.650
Epoch: 61
[TRAIN] Acc: 75.685
[TEST] Acc: 60.460
Epoch: 62
[TRAIN] Acc: 75.608
[TEST] Acc: 62.480
Epoch: 63
[TRAIN] Acc: 75.638
[TEST] Acc: 63.840
Epoch: 64
[TRAIN] Acc: 75.805
[TEST] Acc: 63.320
Epoch: 65
[TRAIN] Acc: 76.013
[TEST] Acc: 60.770
Epoch: 66
[TRAIN] Acc: 75.905
[TEST] Acc: 63.510
Epoch: 67
[TRAIN] Acc: 76.078
[TEST] Acc: 62.820
Epoch: 68
[TRAIN] Acc: 76.070
[TEST] Acc: 60.370
Epoch: 69
[TRAIN] Acc: 76.302
[TEST] Acc: 63.160
Epoch: 70
[TRAIN] Acc: 76.312
[TEST] Acc: 63.350
Epoch: 71
[TRAIN] Acc: 76.388
[TEST] Acc: 64.380
Epoch: 72
[TRAIN] Acc: 76.498
[TEST] Acc: 64.580
Epoch: 73
[TRAIN] Acc: 76.353
[TEST] Acc: 63.530
Epoch: 74
[TRAIN] Acc: 76.565
[TEST] Acc: 60.300
Epoch: 75
[TRAIN] Acc: 76.735
[TEST] Acc: 63.960
Epoch: 76
[TRAIN] Acc: 76.880
[TEST] Acc: 61.030
Epoch: 77
[TRAIN] Acc: 76.995
[TEST] Acc: 64.450
Epoch: 78
[TRAIN] Acc: 77.040
[TEST] Acc: 61.270
Epoch: 79
[TRAIN] Acc: 77.177
[TEST] Acc: 64.850
Epoch: 80
[TRAIN] Acc: 78.175
[TEST] Acc: 67.410
Epoch: 81
[TRAIN] Acc: 78.688
[TEST] Acc: 65.980
Epoch: 82
[TRAIN] Acc: 78.418
[TEST] Acc: 66.510
Epoch: 83
[TRAIN] Acc: 78.975
[TEST] Acc: 67.250
Epoch: 84
[TRAIN] Acc: 78.830
[TEST] Acc: 66.990
Epoch: 85
[TRAIN] Acc: 78.800
[TEST] Acc: 66.350
Epoch: 86
[TRAIN] Acc: 78.957
[TEST] Acc: 66.680
Epoch: 87
[TRAIN] Acc: 79.017
[TEST] Acc: 66.800
Epoch: 88
[TRAIN] Acc: 79.040
[TEST] Acc: 66.560
Epoch: 89
[TRAIN] Acc: 79.147
[TEST] Acc: 67.710
Epoch: 90
[TRAIN] Acc: 79.205
[TEST] Acc: 67.160
Epoch: 91
[TRAIN] Acc: 79.052
[TEST] Acc: 66.770
Epoch: 92
[TRAIN] Acc: 79.278
[TEST] Acc: 66.990
Epoch: 93
[TRAIN] Acc: 79.060
[TEST] Acc: 66.970
Epoch: 94
[TRAIN] Acc: 79.062
[TEST] Acc: 67.780
Epoch: 95
[TRAIN] Acc: 79.392
[TEST] Acc: 67.620
Epoch: 96
[TRAIN] Acc: 79.203
[TEST] Acc: 65.310
Epoch: 97
[TRAIN] Acc: 79.353
[TEST] Acc: 67.090
Epoch: 98
[TRAIN] Acc: 79.552
[TEST] Acc: 66.820
Epoch: 99
[TRAIN] Acc: 79.550
[TEST] Acc: 65.750
Epoch: 100
[TRAIN] Acc: 79.505
[TEST] Acc: 67.350
Epoch: 101
[TRAIN] Acc: 79.235
[TEST] Acc: 66.790
Epoch: 102
[TRAIN] Acc: 79.427
[TEST] Acc: 66.640
Epoch: 103
[TRAIN] Acc: 79.582
[TEST] Acc: 65.920
Epoch: 104
[TRAIN] Acc: 79.343
[TEST] Acc: 67.820
Epoch: 105
[TRAIN] Acc: 79.427
[TEST] Acc: 67.420
Epoch: 106
[TRAIN] Acc: 79.425
[TEST] Acc: 67.410
Epoch: 107
[TRAIN] Acc: 79.500
[TEST] Acc: 66.830
Epoch: 108
[TRAIN] Acc: 79.573
[TEST] Acc: 66.780
Epoch: 109
[TRAIN] Acc: 79.522
[TEST] Acc: 68.160
Epoch: 110
[TRAIN] Acc: 79.407
[TEST] Acc: 67.410
Epoch: 111
[TRAIN] Acc: 79.692
[TEST] Acc: 66.540
Epoch: 112
[TRAIN] Acc: 79.705
[TEST] Acc: 67.630
Epoch: 113
[TRAIN] Acc: 79.532
[TEST] Acc: 67.480
Epoch: 114
[TRAIN] Acc: 79.735
[TEST] Acc: 67.620
Epoch: 115
[TRAIN] Acc: 79.560
[TEST] Acc: 67.600
Epoch: 116
[TRAIN] Acc: 79.787
[TEST] Acc: 67.840
Epoch: 117
[TRAIN] Acc: 79.468
[TEST] Acc: 66.800
Epoch: 118
[TRAIN] Acc: 79.680
[TEST] Acc: 66.620
Epoch: 119
[TRAIN] Acc: 80.062
[TEST] Acc: 67.360
Epoch: 120
[TRAIN] Acc: 79.782
[TEST] Acc: 65.200
Epoch: 121
[TRAIN] Acc: 79.763
[TEST] Acc: 66.590
Epoch: 122
[TRAIN] Acc: 79.672
[TEST] Acc: 68.040
Epoch: 123
[TRAIN] Acc: 79.903
[TEST] Acc: 68.740
Epoch: 124
[TRAIN] Acc: 79.728
[TEST] Acc: 68.800
Epoch: 125
[TRAIN] Acc: 79.740
[TEST] Acc: 67.860
Epoch: 126
[TRAIN] Acc: 79.960
[TEST] Acc: 66.870
Epoch: 127
[TRAIN] Acc: 79.805
[TEST] Acc: 67.100
Epoch: 128
[TRAIN] Acc: 79.570
[TEST] Acc: 67.800
Epoch: 129
[TRAIN] Acc: 80.085
[TEST] Acc: 67.830
Epoch: 130
[TRAIN] Acc: 80.067
[TEST] Acc: 68.210
Epoch: 131
[TRAIN] Acc: 79.688
[TEST] Acc: 67.430
Epoch: 132
[TRAIN] Acc: 79.802
[TEST] Acc: 67.980
Epoch: 133
[TRAIN] Acc: 79.912
[TEST] Acc: 68.950
Epoch: 134
[TRAIN] Acc: 80.112
[TEST] Acc: 67.400
Epoch: 135
[TRAIN] Acc: 79.960
[TEST] Acc: 68.100
Epoch: 136
[TRAIN] Acc: 79.990
[TEST] Acc: 66.440
Epoch: 137
[TRAIN] Acc: 80.097
[TEST] Acc: 66.820
Epoch: 138
[TRAIN] Acc: 79.618
[TEST] Acc: 67.970
Epoch: 139
[TRAIN] Acc: 79.812
[TEST] Acc: 67.100
Epoch: 140
[TRAIN] Acc: 79.925
[TEST] Acc: 67.510
Epoch: 141
[TRAIN] Acc: 80.103
[TEST] Acc: 67.700
Epoch: 142
[TRAIN] Acc: 80.157
[TEST] Acc: 67.590
Epoch: 143
[TRAIN] Acc: 80.263
[TEST] Acc: 66.730
Epoch: 144
[TRAIN] Acc: 79.975
[TEST] Acc: 68.040
Epoch: 145
[TRAIN] Acc: 80.358
[TEST] Acc: 67.310
Epoch: 146
[TRAIN] Acc: 80.365
[TEST] Acc: 68.130
Epoch: 147
[TRAIN] Acc: 80.147
[TEST] Acc: 67.920
Epoch: 148
[TRAIN] Acc: 79.993
[TEST] Acc: 68.020
Epoch: 149
[TRAIN] Acc: 80.147
[TEST] Acc: 67.190
Epoch: 150
[TRAIN] Acc: 80.002
[TEST] Acc: 68.200
Epoch: 151
[TRAIN] Acc: 80.335
[TEST] Acc: 68.020
Epoch: 152
[TRAIN] Acc: 80.140
[TEST] Acc: 67.330
Epoch: 153
[TRAIN] Acc: 80.290
[TEST] Acc: 68.290
Epoch: 154
[TRAIN] Acc: 80.360
[TEST] Acc: 67.730
Epoch: 155
[TRAIN] Acc: 80.412
[TEST] Acc: 67.760
Epoch: 156
[TRAIN] Acc: 80.160
[TEST] Acc: 67.700
Epoch: 157
[TRAIN] Acc: 79.938
[TEST] Acc: 68.650
Epoch: 158
[TRAIN] Acc: 80.257
[TEST] Acc: 68.200
Epoch: 159
[TRAIN] Acc: 80.168
[TEST] Acc: 67.510
Epoch: 160
[TRAIN] Acc: 80.310
[TEST] Acc: 67.050
Epoch: 161
[TRAIN] Acc: 80.412
[TEST] Acc: 67.180
Epoch: 162
[TRAIN] Acc: 80.150
[TEST] Acc: 68.230
Epoch: 163
[TRAIN] Acc: 80.545
[TEST] Acc: 67.770
Epoch: 164
[TRAIN] Acc: 80.375
[TEST] Acc: 67.610
Epoch: 165
[TRAIN] Acc: 80.355
[TEST] Acc: 68.180
Epoch: 166
[TRAIN] Acc: 80.282
[TEST] Acc: 68.230
Epoch: 167
[TRAIN] Acc: 79.978
[TEST] Acc: 67.050
Epoch: 168
[TRAIN] Acc: 80.397
[TEST] Acc: 67.310
Epoch: 169
[TRAIN] Acc: 80.390
[TEST] Acc: 68.050
Epoch: 170
[TRAIN] Acc: 80.188
[TEST] Acc: 68.010
Epoch: 171
[TRAIN] Acc: 80.140
[TEST] Acc: 67.650
Epoch: 172
[TRAIN] Acc: 80.403
[TEST] Acc: 67.600
Epoch: 173
[TRAIN] Acc: 80.200
[TEST] Acc: 67.760
Epoch: 174
[TRAIN] Acc: 80.365
[TEST] Acc: 67.790
Epoch: 175
[TRAIN] Acc: 80.078
[TEST] Acc: 67.620
Epoch: 176
[TRAIN] Acc: 80.153
[TEST] Acc: 67.910
Epoch: 177
[TRAIN] Acc: 80.220
[TEST] Acc: 67.000
Epoch: 178
[TRAIN] Acc: 80.272
[TEST] Acc: 67.540
Epoch: 179
[TRAIN] Acc: 80.125
[TEST] Acc: 68.110
Epoch: 180
[TRAIN] Acc: 80.380
[TEST] Acc: 67.830
Epoch: 181
[TRAIN] Acc: 80.293
[TEST] Acc: 68.190
Epoch: 182
[TRAIN] Acc: 80.195
[TEST] Acc: 67.290
Epoch: 183
[TRAIN] Acc: 80.252
[TEST] Acc: 68.200
Epoch: 184
[TRAIN] Acc: 80.123
[TEST] Acc: 67.840
Epoch: 185
[TRAIN] Acc: 80.115
[TEST] Acc: 68.070
Epoch: 186
[TRAIN] Acc: 80.157
[TEST] Acc: 66.380
Epoch: 187
[TRAIN] Acc: 80.468
[TEST] Acc: 66.710
Epoch: 188
[TRAIN] Acc: 80.385
[TEST] Acc: 68.340
Epoch: 189
[TRAIN] Acc: 80.230
[TEST] Acc: 67.470
Epoch: 190
[TRAIN] Acc: 80.222
[TEST] Acc: 67.910
Epoch: 191
[TRAIN] Acc: 80.310
[TEST] Acc: 68.280
Epoch: 192
[TRAIN] Acc: 80.210
[TEST] Acc: 67.780
Epoch: 193
[TRAIN] Acc: 80.052
[TEST] Acc: 67.760
Epoch: 194
[TRAIN] Acc: 80.320
[TEST] Acc: 67.460
Epoch: 195
[TRAIN] Acc: 80.700
[TEST] Acc: 66.320
Epoch: 196
[TRAIN] Acc: 80.020
[TEST] Acc: 67.850
Epoch: 197
[TRAIN] Acc: 80.400
[TEST] Acc: 68.110
Epoch: 198
[TRAIN] Acc: 80.062
[TEST] Acc: 67.550
Epoch: 199
[TRAIN] Acc: 80.047
[TEST] Acc: 67.800
