Shell debugging temporarily silenced: export LMOD_SH_DBG_ON=1 for this output (/gpfs/software/juwels/lmod/7.7.38/init/bash)
Shell debugging restarted
Resnet18-CIFAR10-SGD
Files already downloaded and verified
Files already downloaded and verified
Size of image
torch.Size([3, 32, 32])
1
Epoch: 0
[TRAIN] Acc: 11.188
[TEST] Acc: 10.740
Epoch: 1
[TRAIN] Acc: 11.742
[TEST] Acc: 12.880
Epoch: 2
[TRAIN] Acc: 13.807
[TEST] Acc: 14.080
Epoch: 3
[TRAIN] Acc: 16.663
[TEST] Acc: 16.220
Epoch: 4
[TRAIN] Acc: 18.890
[TEST] Acc: 15.530
Epoch: 5
[TRAIN] Acc: 19.887
[TEST] Acc: 16.770
Epoch: 6
[TRAIN] Acc: 21.082
[TEST] Acc: 16.700
Epoch: 7
[TRAIN] Acc: 21.988
[TEST] Acc: 14.480
Epoch: 8
[TRAIN] Acc: 24.093
[TEST] Acc: 20.120
Epoch: 9
[TRAIN] Acc: 25.422
[TEST] Acc: 20.590
Epoch: 10
[TRAIN] Acc: 26.887
[TEST] Acc: 19.670
Epoch: 11
[TRAIN] Acc: 28.435
[TEST] Acc: 20.040
Epoch: 12
[TRAIN] Acc: 30.503
[TEST] Acc: 23.030
Epoch: 13
[TRAIN] Acc: 31.392
[TEST] Acc: 23.800
Epoch: 14
[TRAIN] Acc: 32.812
[TEST] Acc: 22.200
Epoch: 15
[TRAIN] Acc: 33.830
[TEST] Acc: 25.470
Epoch: 16
[TRAIN] Acc: 34.958
[TEST] Acc: 26.250
Epoch: 17
[TRAIN] Acc: 35.532
[TEST] Acc: 26.480
Epoch: 18
[TRAIN] Acc: 36.792
[TEST] Acc: 26.470
Epoch: 19
[TRAIN] Acc: 36.940
[TEST] Acc: 28.580
Epoch: 20
[TRAIN] Acc: 38.367
[TEST] Acc: 29.100
Epoch: 21
[TRAIN] Acc: 39.108
[TEST] Acc: 26.930
Epoch: 22
[TRAIN] Acc: 39.935
[TEST] Acc: 28.040
Epoch: 23
[TRAIN] Acc: 40.530
[TEST] Acc: 28.020
Epoch: 24
[TRAIN] Acc: 40.535
[TEST] Acc: 31.790
Epoch: 25
[TRAIN] Acc: 41.458
[TEST] Acc: 32.300
Epoch: 26
[TRAIN] Acc: 42.377
[TEST] Acc: 31.530
Epoch: 27
[TRAIN] Acc: 42.590
[TEST] Acc: 29.520
Epoch: 28
[TRAIN] Acc: 43.350
[TEST] Acc: 31.840
Epoch: 29
[TRAIN] Acc: 43.970
[TEST] Acc: 33.750
Epoch: 30
[TRAIN] Acc: 44.328
[TEST] Acc: 33.330
Epoch: 31
[TRAIN] Acc: 44.965
[TEST] Acc: 32.990
Epoch: 32
[TRAIN] Acc: 45.730
[TEST] Acc: 33.800
Epoch: 33
[TRAIN] Acc: 46.377
[TEST] Acc: 33.830
Epoch: 34
[TRAIN] Acc: 47.108
[TEST] Acc: 33.490
Epoch: 35
[TRAIN] Acc: 47.587
[TEST] Acc: 31.200
Epoch: 36
[TRAIN] Acc: 48.227
[TEST] Acc: 35.230
Epoch: 37
[TRAIN] Acc: 48.742
[TEST] Acc: 37.290
Epoch: 38
[TRAIN] Acc: 49.142
[TEST] Acc: 35.260
Epoch: 39
[TRAIN] Acc: 49.483
[TEST] Acc: 35.740
Epoch: 40
[TRAIN] Acc: 50.148
[TEST] Acc: 39.180
Epoch: 41
[TRAIN] Acc: 50.910
[TEST] Acc: 35.320
Epoch: 42
[TRAIN] Acc: 51.737
[TEST] Acc: 36.710
Epoch: 43
[TRAIN] Acc: 51.792
[TEST] Acc: 38.260
Epoch: 44
[TRAIN] Acc: 52.028
[TEST] Acc: 40.400
Epoch: 45
[TRAIN] Acc: 52.633
[TEST] Acc: 38.640
Epoch: 46
[TRAIN] Acc: 53.133
[TEST] Acc: 38.170
Epoch: 47
[TRAIN] Acc: 53.150
[TEST] Acc: 38.530
Epoch: 48
[TRAIN] Acc: 53.800
[TEST] Acc: 39.870
Epoch: 49
[TRAIN] Acc: 54.315
[TEST] Acc: 38.410
Epoch: 50
[TRAIN] Acc: 54.300
[TEST] Acc: 39.940
Epoch: 51
[TRAIN] Acc: 54.695
[TEST] Acc: 39.800
Epoch: 52
[TRAIN] Acc: 55.350
[TEST] Acc: 40.570
Epoch: 53
[TRAIN] Acc: 55.347
[TEST] Acc: 40.800
Epoch: 54
[TRAIN] Acc: 56.040
[TEST] Acc: 41.120
Epoch: 55
[TRAIN] Acc: 56.200
[TEST] Acc: 40.950
Epoch: 56
[TRAIN] Acc: 56.333
[TEST] Acc: 41.850
Epoch: 57
[TRAIN] Acc: 56.487
[TEST] Acc: 39.980
Epoch: 58
[TRAIN] Acc: 57.365
[TEST] Acc: 42.970
Epoch: 59
[TRAIN] Acc: 57.370
[TEST] Acc: 41.580
Epoch: 60
[TRAIN] Acc: 57.252
[TEST] Acc: 42.720
Epoch: 61
[TRAIN] Acc: 58.205
[TEST] Acc: 41.630
Epoch: 62
[TRAIN] Acc: 58.630
[TEST] Acc: 43.700
Epoch: 63
[TRAIN] Acc: 58.935
[TEST] Acc: 44.150
Epoch: 64
[TRAIN] Acc: 58.913
[TEST] Acc: 42.190
Epoch: 65
[TRAIN] Acc: 59.203
[TEST] Acc: 44.360
Epoch: 66
[TRAIN] Acc: 59.290
[TEST] Acc: 45.080
Epoch: 67
[TRAIN] Acc: 60.050
[TEST] Acc: 43.690
Epoch: 68
[TRAIN] Acc: 60.180
[TEST] Acc: 45.770
Epoch: 69
[TRAIN] Acc: 60.218
[TEST] Acc: 46.000
Epoch: 70
[TRAIN] Acc: 60.120
[TEST] Acc: 44.530
Epoch: 71
[TRAIN] Acc: 60.877
[TEST] Acc: 46.150
Epoch: 72
[TRAIN] Acc: 61.117
[TEST] Acc: 45.000
Epoch: 73
[TRAIN] Acc: 61.460
[TEST] Acc: 44.750
Epoch: 74
[TRAIN] Acc: 61.528
[TEST] Acc: 43.590
Epoch: 75
[TRAIN] Acc: 61.850
[TEST] Acc: 46.680
Epoch: 76
[TRAIN] Acc: 62.333
[TEST] Acc: 44.140
Epoch: 77
[TRAIN] Acc: 62.165
[TEST] Acc: 46.430
Epoch: 78
[TRAIN] Acc: 62.458
[TEST] Acc: 46.440
Epoch: 79
[TRAIN] Acc: 62.767
[TEST] Acc: 48.320
Epoch: 80
[TRAIN] Acc: 63.110
[TEST] Acc: 48.100
Epoch: 81
[TRAIN] Acc: 63.212
[TEST] Acc: 46.390
Epoch: 82
[TRAIN] Acc: 63.440
[TEST] Acc: 48.030
Epoch: 83
[TRAIN] Acc: 63.292
[TEST] Acc: 47.440
Epoch: 84
[TRAIN] Acc: 63.278
[TEST] Acc: 49.020
Epoch: 85
[TRAIN] Acc: 63.490
[TEST] Acc: 49.380
Epoch: 86
[TRAIN] Acc: 63.425
[TEST] Acc: 49.140
Epoch: 87
[TRAIN] Acc: 63.462
[TEST] Acc: 49.040
Epoch: 88
[TRAIN] Acc: 63.560
[TEST] Acc: 46.750
Epoch: 89
[TRAIN] Acc: 63.415
[TEST] Acc: 45.650
Epoch: 90
[TRAIN] Acc: 63.553
[TEST] Acc: 48.710
Epoch: 91
[TRAIN] Acc: 63.655
[TEST] Acc: 46.960
Epoch: 92
[TRAIN] Acc: 63.675
[TEST] Acc: 46.600
Epoch: 93
[TRAIN] Acc: 63.355
[TEST] Acc: 49.380
Epoch: 94
[TRAIN] Acc: 63.782
[TEST] Acc: 45.650
Epoch: 95
[TRAIN] Acc: 63.640
[TEST] Acc: 49.450
Epoch: 96
[TRAIN] Acc: 63.825
[TEST] Acc: 47.750
Epoch: 97
[TRAIN] Acc: 63.583
[TEST] Acc: 47.680
Epoch: 98
[TRAIN] Acc: 63.828
[TEST] Acc: 46.930
Epoch: 99
[TRAIN] Acc: 63.595
[TEST] Acc: 48.210
Epoch: 100
[TRAIN] Acc: 64.028
[TEST] Acc: 49.860
Epoch: 101
[TRAIN] Acc: 63.575
[TEST] Acc: 50.520
Epoch: 102
[TRAIN] Acc: 63.735
[TEST] Acc: 47.220
Epoch: 103
[TRAIN] Acc: 63.968
[TEST] Acc: 48.220
Epoch: 104
[TRAIN] Acc: 63.653
[TEST] Acc: 50.040
Epoch: 105
[TRAIN] Acc: 63.907
[TEST] Acc: 47.410
Epoch: 106
[TRAIN] Acc: 63.790
[TEST] Acc: 50.240
Epoch: 107
[TRAIN] Acc: 63.898
[TEST] Acc: 45.660
Epoch: 108
[TRAIN] Acc: 63.815
[TEST] Acc: 47.410
Epoch: 109
[TRAIN] Acc: 63.950
[TEST] Acc: 48.100
Epoch: 110
[TRAIN] Acc: 63.940
[TEST] Acc: 47.320
Epoch: 111
[TRAIN] Acc: 64.000
[TEST] Acc: 48.570
Epoch: 112
[TRAIN] Acc: 64.035
[TEST] Acc: 46.910
Epoch: 113
[TRAIN] Acc: 64.120
[TEST] Acc: 49.910
Epoch: 114
[TRAIN] Acc: 64.203
[TEST] Acc: 49.420
Epoch: 115
[TRAIN] Acc: 64.155
[TEST] Acc: 50.350
Epoch: 116
[TRAIN] Acc: 64.287
[TEST] Acc: 48.830
Epoch: 117
[TRAIN] Acc: 63.875
[TEST] Acc: 47.300
Epoch: 118
[TRAIN] Acc: 64.267
[TEST] Acc: 49.700
Epoch: 119
[TRAIN] Acc: 63.675
[TEST] Acc: 47.850
Epoch: 120
[TRAIN] Acc: 64.060
[TEST] Acc: 50.790
Epoch: 121
[TRAIN] Acc: 64.183
[TEST] Acc: 49.790
Epoch: 122
[TRAIN] Acc: 64.400
[TEST] Acc: 48.520
Epoch: 123
[TRAIN] Acc: 64.332
[TEST] Acc: 49.740
Epoch: 124
[TRAIN] Acc: 64.020
[TEST] Acc: 46.930
Epoch: 125
[TRAIN] Acc: 64.457
[TEST] Acc: 49.210
Epoch: 126
[TRAIN] Acc: 64.135
[TEST] Acc: 49.620
Epoch: 127
[TRAIN] Acc: 64.397
[TEST] Acc: 49.210
Epoch: 128
[TRAIN] Acc: 64.530
[TEST] Acc: 50.120
Epoch: 129
[TRAIN] Acc: 64.118
[TEST] Acc: 49.670
Epoch: 130
[TRAIN] Acc: 64.435
[TEST] Acc: 48.400
Epoch: 131
[TRAIN] Acc: 64.162
[TEST] Acc: 48.440
Epoch: 132
[TRAIN] Acc: 64.562
[TEST] Acc: 48.210
Epoch: 133
[TRAIN] Acc: 64.390
[TEST] Acc: 49.810
Epoch: 134
[TRAIN] Acc: 64.412
[TEST] Acc: 47.800
Epoch: 135
[TRAIN] Acc: 64.980
[TEST] Acc: 48.720
Epoch: 136
[TRAIN] Acc: 64.435
[TEST] Acc: 49.250
Epoch: 137
[TRAIN] Acc: 64.320
[TEST] Acc: 47.900
Epoch: 138
[TRAIN] Acc: 64.752
[TEST] Acc: 47.590
Epoch: 139
[TRAIN] Acc: 64.433
[TEST] Acc: 50.190
Epoch: 140
[TRAIN] Acc: 64.578
[TEST] Acc: 46.580
Epoch: 141
[TRAIN] Acc: 64.168
[TEST] Acc: 49.000
Epoch: 142
[TRAIN] Acc: 64.795
[TEST] Acc: 48.290
Epoch: 143
[TRAIN] Acc: 64.775
[TEST] Acc: 48.560
Epoch: 144
[TRAIN] Acc: 64.745
[TEST] Acc: 48.900
Epoch: 145
[TRAIN] Acc: 64.653
[TEST] Acc: 47.800
Epoch: 146
[TRAIN] Acc: 64.843
[TEST] Acc: 48.310
Epoch: 147
[TRAIN] Acc: 64.760
[TEST] Acc: 47.550
Epoch: 148
[TRAIN] Acc: 64.770
[TEST] Acc: 49.360
Epoch: 149
[TRAIN] Acc: 64.780
[TEST] Acc: 47.330
Epoch: 150
[TRAIN] Acc: 64.540
[TEST] Acc: 49.820
Epoch: 151
[TRAIN] Acc: 64.420
[TEST] Acc: 48.660
Epoch: 152
[TRAIN] Acc: 64.502
[TEST] Acc: 48.540
Epoch: 153
[TRAIN] Acc: 64.430
[TEST] Acc: 49.700
Epoch: 154
[TRAIN] Acc: 64.345
[TEST] Acc: 47.980
Epoch: 155
[TRAIN] Acc: 64.478
[TEST] Acc: 48.850
Epoch: 156
[TRAIN] Acc: 64.987
[TEST] Acc: 49.530
Epoch: 157
[TRAIN] Acc: 64.507
[TEST] Acc: 46.120
Epoch: 158
[TRAIN] Acc: 64.487
[TEST] Acc: 47.950
Epoch: 159
[TRAIN] Acc: 64.475
[TEST] Acc: 50.290
Epoch: 160
[TRAIN] Acc: 64.388
[TEST] Acc: 50.850
Epoch: 161
[TRAIN] Acc: 64.767
[TEST] Acc: 48.390
Epoch: 162
[TRAIN] Acc: 64.457
[TEST] Acc: 48.970
Epoch: 163
[TRAIN] Acc: 64.600
[TEST] Acc: 50.370
Epoch: 164
[TRAIN] Acc: 64.657
[TEST] Acc: 49.040
Epoch: 165
[TRAIN] Acc: 64.328
[TEST] Acc: 48.110
Epoch: 166
[TRAIN] Acc: 64.510
[TEST] Acc: 48.440
Epoch: 167
[TRAIN] Acc: 64.665
[TEST] Acc: 50.420
Epoch: 168
[TRAIN] Acc: 64.707
[TEST] Acc: 49.300
Epoch: 169
[TRAIN] Acc: 64.775
[TEST] Acc: 49.860
Epoch: 170
[TRAIN] Acc: 64.845
[TEST] Acc: 48.110
Epoch: 171
[TRAIN] Acc: 64.910
[TEST] Acc: 51.510
Epoch: 172
[TRAIN] Acc: 64.397
[TEST] Acc: 49.360
Epoch: 173
[TRAIN] Acc: 64.950
[TEST] Acc: 48.140
Epoch: 174
[TRAIN] Acc: 64.672
[TEST] Acc: 48.230
Epoch: 175
[TRAIN] Acc: 64.480
[TEST] Acc: 48.940
Epoch: 176
[TRAIN] Acc: 64.715
[TEST] Acc: 48.790
Epoch: 177
[TRAIN] Acc: 64.645
[TEST] Acc: 47.060
Epoch: 178
[TRAIN] Acc: 64.993
[TEST] Acc: 50.440
Epoch: 179
[TRAIN] Acc: 64.480
[TEST] Acc: 48.680
Epoch: 180
[TRAIN] Acc: 64.970
[TEST] Acc: 49.160
Epoch: 181
[TRAIN] Acc: 64.740
[TEST] Acc: 49.250
Epoch: 182
[TRAIN] Acc: 64.620
[TEST] Acc: 48.690
Epoch: 183
[TRAIN] Acc: 64.463
[TEST] Acc: 46.570
Epoch: 184
[TRAIN] Acc: 64.767
[TEST] Acc: 47.970
Epoch: 185
[TRAIN] Acc: 64.502
[TEST] Acc: 50.160
Epoch: 186
[TRAIN] Acc: 64.680
[TEST] Acc: 49.710
Epoch: 187
[TRAIN] Acc: 64.892
[TEST] Acc: 51.090
Epoch: 188
[TRAIN] Acc: 64.547
[TEST] Acc: 49.860
Epoch: 189
[TRAIN] Acc: 64.642
[TEST] Acc: 49.800
Epoch: 190
[TRAIN] Acc: 64.832
[TEST] Acc: 51.550
Epoch: 191
[TRAIN] Acc: 64.715
[TEST] Acc: 49.490
Epoch: 192
[TRAIN] Acc: 64.493
[TEST] Acc: 49.500
Epoch: 193
[TRAIN] Acc: 64.715
[TEST] Acc: 51.680
Epoch: 194
[TRAIN] Acc: 64.677
[TEST] Acc: 50.110
Epoch: 195
[TRAIN] Acc: 64.670
[TEST] Acc: 48.570
Epoch: 196
[TRAIN] Acc: 64.722
[TEST] Acc: 48.400
Epoch: 197
[TRAIN] Acc: 64.698
[TEST] Acc: 49.110
Epoch: 198
[TRAIN] Acc: 64.677
[TEST] Acc: 48.760
Epoch: 199
[TRAIN] Acc: 64.670
[TEST] Acc: 48.960
